<?xml version="1.0" encoding="UTF-8"?>
<!-- Generated by org.testng.reporters.JUnitReportReporter -->
<testsuite skipped="0" hostname="DESKTOP-K4DR3E5" name="TestScenarios.Page_loading" tests="1" failures="0" timestamp="17 Dec 2019 09:38:42 GMT" time="1.012" errors="0">
  <testcase name="Propine_Addition" time="1.012" classname="TestScenarios.Page_loading"/>
</testsuite> <!-- TestScenarios.Page_loading -->
