<?xml version="1.0" encoding="UTF-8"?>
<!-- Generated by org.testng.reporters.JUnitReportReporter -->
<testsuite skipped="0" hostname="DESKTOP-K4DR3E5" name="TestScenarios.Addition_Function_Negative" tests="1" failures="0" timestamp="17 Dec 2019 09:04:27 GMT" time="7.226" errors="0">
  <testcase name="Propine_Addition_Negative" time="7.226" classname="TestScenarios.Addition_Function_Negative"/>
</testsuite> <!-- TestScenarios.Addition_Function_Negative -->
