<?xml version="1.0" encoding="UTF-8"?>
<!-- Generated by org.testng.reporters.JUnitReportReporter -->
<testsuite skipped="0" hostname="DESKTOP-K4DR3E5" name="TestScenarios.Addition_Function" tests="1" failures="0" timestamp="17 Dec 2019 08:57:45 GMT" time="63.489" errors="0">
  <testcase name="Propine_Addition" time="63.489" classname="TestScenarios.Addition_Function"/>
</testsuite> <!-- TestScenarios.Addition_Function -->
